Pig Stack Trace
---------------
ERROR 2017: Internal error creating job configuration.

org.apache.pig.backend.hadoop.executionengine.JobCreationException: ERROR 2017: Internal error creating job configuration.
	at org.apache.pig.backend.hadoop.executionengine.mapReduceLayer.JobControlCompiler.getJob(JobControlCompiler.java:1016)
	at org.apache.pig.backend.hadoop.executionengine.mapReduceLayer.JobControlCompiler.compile(JobControlCompiler.java:323)
	at org.apache.pig.backend.hadoop.executionengine.mapReduceLayer.MapReduceLauncher.launchPig(MapReduceLauncher.java:196)
	at org.apache.pig.backend.hadoop.executionengine.HExecutionEngine.launchPig(HExecutionEngine.java:308)
	at org.apache.pig.PigServer.launchPlan(PigServer.java:1474)
	at org.apache.pig.PigServer.executeCompiledLogicalPlan(PigServer.java:1459)
	at org.apache.pig.PigServer.execute(PigServer.java:1448)
	at org.apache.pig.PigServer.executeBatch(PigServer.java:488)
	at org.apache.pig.PigServer.executeBatch(PigServer.java:471)
	at org.apache.pig.tools.grunt.GruntParser.executeBatch(GruntParser.java:172)
	at org.apache.pig.tools.grunt.GruntParser.parseStopOnError(GruntParser.java:235)
	at org.apache.pig.tools.grunt.GruntParser.parseStopOnError(GruntParser.java:206)
	at org.apache.pig.tools.grunt.Grunt.exec(Grunt.java:81)
	at org.apache.pig.Main.run(Main.java:630)
	at org.apache.pig.Main.main(Main.java:176)
	at sun.reflect.NativeMethodAccessorImpl.invoke0(Native Method)
	at sun.reflect.NativeMethodAccessorImpl.invoke(NativeMethodAccessorImpl.java:62)
	at sun.reflect.DelegatingMethodAccessorImpl.invoke(DelegatingMethodAccessorImpl.java:43)
	at java.lang.reflect.Method.invoke(Method.java:498)
	at org.apache.hadoop.util.RunJar.run(RunJar.java:234)
	at org.apache.hadoop.util.RunJar.main(RunJar.java:148)
Caused by: java.io.IOException: The stream is closed
	at org.apache.hadoop.net.SocketOutputStream.write(SocketOutputStream.java:118)
	at java.io.BufferedOutputStream.flushBuffer(BufferedOutputStream.java:82)
	at java.io.BufferedOutputStream.flush(BufferedOutputStream.java:140)
	at java.io.DataOutputStream.flush(DataOutputStream.java:123)
	at java.io.FilterOutputStream.close(FilterOutputStream.java:158)
	at org.apache.hadoop.hdfs.DataStreamer.closeStream(DataStreamer.java:941)
	at org.apache.hadoop.hdfs.DataStreamer.closeInternal(DataStreamer.java:793)
	at org.apache.hadoop.hdfs.DataStreamer.run(DataStreamer.java:788)
	Suppressed: java.io.IOException: The stream is closed
		at org.apache.hadoop.net.SocketOutputStream.write(SocketOutputStream.java:118)
		at java.io.BufferedOutputStream.flushBuffer(BufferedOutputStream.java:82)
		at java.io.BufferedOutputStream.flush(BufferedOutputStream.java:140)
		at java.io.FilterOutputStream.close(FilterOutputStream.java:158)
		at java.io.FilterOutputStream.close(FilterOutputStream.java:159)
		... 3 more
================================================================================
